Determining if the pthread_create exist failed with the following output:
Change Dir: /home/users/danbing/catkin_workspace/build/central_control/CMakeFiles/CMakeTmp

Run Build Command:/usr/bin/make "cmTryCompileExec2979478136/fast"
/usr/bin/make -f CMakeFiles/cmTryCompileExec2979478136.dir/build.make CMakeFiles/cmTryCompileExec2979478136.dir/build
make[1]: Entering directory `/home/users/danbing/catkin_workspace/build/central_control/CMakeFiles/CMakeTmp'
/usr/bin/cmake -E cmake_progress_report /home/users/danbing/catkin_workspace/build/central_control/CMakeFiles/CMakeTmp/CMakeFiles 1
Building C object CMakeFiles/cmTryCompileExec2979478136.dir/CheckSymbolExists.c.o
/usr/bin/cc    -o CMakeFiles/cmTryCompileExec2979478136.dir/CheckSymbolExists.c.o   -c /home/users/danbing/catkin_workspace/build/central_control/CMakeFiles/CMakeTmp/CheckSymbolExists.c
Linking C executable cmTryCompileExec2979478136
/usr/bin/cmake -E cmake_link_script CMakeFiles/cmTryCompileExec2979478136.dir/link.txt --verbose=1
/usr/bin/cc       CMakeFiles/cmTryCompileExec2979478136.dir/CheckSymbolExists.c.o  -o cmTryCompileExec2979478136 -rdynamic 
CMakeFiles/cmTryCompileExec2979478136.dir/CheckSymbolExists.c.o: In function `main':
CheckSymbolExists.c:(.text+0x16): undefined reference to `pthread_create'
collect2: error: ld returned 1 exit status
make[1]: Leaving directory `/home/users/danbing/catkin_workspace/build/central_control/CMakeFiles/CMakeTmp'
make[1]: *** [cmTryCompileExec2979478136] Error 1
make: *** [cmTryCompileExec2979478136/fast] Error 2

File /home/users/danbing/catkin_workspace/build/central_control/CMakeFiles/CMakeTmp/CheckSymbolExists.c:
/* */
#include <pthread.h>

int main(int argc, char** argv)
{
  (void)argv;
#ifndef pthread_create
  return ((int*)(&pthread_create))[argc];
#else
  (void)argc;
  return 0;
#endif
}

Determining if the function pthread_create exists in the pthreads failed with the following output:
Change Dir: /home/users/danbing/catkin_workspace/build/central_control/CMakeFiles/CMakeTmp

Run Build Command:/usr/bin/make "cmTryCompileExec1804130572/fast"
/usr/bin/make -f CMakeFiles/cmTryCompileExec1804130572.dir/build.make CMakeFiles/cmTryCompileExec1804130572.dir/build
make[1]: Entering directory `/home/users/danbing/catkin_workspace/build/central_control/CMakeFiles/CMakeTmp'
/usr/bin/cmake -E cmake_progress_report /home/users/danbing/catkin_workspace/build/central_control/CMakeFiles/CMakeTmp/CMakeFiles 1
Building C object CMakeFiles/cmTryCompileExec1804130572.dir/CheckFunctionExists.c.o
/usr/bin/cc   -DCHECK_FUNCTION_EXISTS=pthread_create   -o CMakeFiles/cmTryCompileExec1804130572.dir/CheckFunctionExists.c.o   -c /usr/share/cmake-2.8/Modules/CheckFunctionExists.c
Linking C executable cmTryCompileExec1804130572
/usr/bin/cmake -E cmake_link_script CMakeFiles/cmTryCompileExec1804130572.dir/link.txt --verbose=1
/usr/bin/cc   -DCHECK_FUNCTION_EXISTS=pthread_create    CMakeFiles/cmTryCompileExec1804130572.dir/CheckFunctionExists.c.o  -o cmTryCompileExec1804130572 -rdynamic -lpthreads 
/usr/bin/ld: cannot find -lpthreads
collect2: error: ld returned 1 exit status
make[1]: *** [cmTryCompileExec1804130572] Error 1
make[1]: Leaving directory `/home/users/danbing/catkin_workspace/build/central_control/CMakeFiles/CMakeTmp'
make: *** [cmTryCompileExec1804130572/fast] Error 2


