Determining if the pthread_create exist failed with the following output:
Change Dir: /home/users/danbing/catkin_workspace/build/access_local_microphone/CMakeFiles/CMakeTmp

Run Build Command:/usr/bin/make "cmTryCompileExec767915023/fast"
/usr/bin/make -f CMakeFiles/cmTryCompileExec767915023.dir/build.make CMakeFiles/cmTryCompileExec767915023.dir/build
make[1]: Entering directory `/home/users/danbing/catkin_workspace/build/access_local_microphone/CMakeFiles/CMakeTmp'
/usr/bin/cmake -E cmake_progress_report /home/users/danbing/catkin_workspace/build/access_local_microphone/CMakeFiles/CMakeTmp/CMakeFiles 1
Building C object CMakeFiles/cmTryCompileExec767915023.dir/CheckSymbolExists.c.o
/usr/bin/cc    -o CMakeFiles/cmTryCompileExec767915023.dir/CheckSymbolExists.c.o   -c /home/users/danbing/catkin_workspace/build/access_local_microphone/CMakeFiles/CMakeTmp/CheckSymbolExists.c
Linking C executable cmTryCompileExec767915023
/usr/bin/cmake -E cmake_link_script CMakeFiles/cmTryCompileExec767915023.dir/link.txt --verbose=1
/usr/bin/cc       CMakeFiles/cmTryCompileExec767915023.dir/CheckSymbolExists.c.o  -o cmTryCompileExec767915023 -rdynamic 
CMakeFiles/cmTryCompileExec767915023.dir/CheckSymbolExists.c.o: In function `main':
CheckSymbolExists.c:(.text+0x16): undefined reference to `pthread_create'
collect2: error: ld returned 1 exit status
make[1]: Leaving directory `/home/users/danbing/catkin_workspace/build/access_local_microphone/CMakeFiles/CMakeTmp'
make[1]: *** [cmTryCompileExec767915023] Error 1
make: *** [cmTryCompileExec767915023/fast] Error 2

File /home/users/danbing/catkin_workspace/build/access_local_microphone/CMakeFiles/CMakeTmp/CheckSymbolExists.c:
/* */
#include <pthread.h>

int main(int argc, char** argv)
{
  (void)argv;
#ifndef pthread_create
  return ((int*)(&pthread_create))[argc];
#else
  (void)argc;
  return 0;
#endif
}

Determining if the function pthread_create exists in the pthreads failed with the following output:
Change Dir: /home/users/danbing/catkin_workspace/build/access_local_microphone/CMakeFiles/CMakeTmp

Run Build Command:/usr/bin/make "cmTryCompileExec736988603/fast"
/usr/bin/make -f CMakeFiles/cmTryCompileExec736988603.dir/build.make CMakeFiles/cmTryCompileExec736988603.dir/build
make[1]: Entering directory `/home/users/danbing/catkin_workspace/build/access_local_microphone/CMakeFiles/CMakeTmp'
/usr/bin/cmake -E cmake_progress_report /home/users/danbing/catkin_workspace/build/access_local_microphone/CMakeFiles/CMakeTmp/CMakeFiles 1
Building C object CMakeFiles/cmTryCompileExec736988603.dir/CheckFunctionExists.c.o
/usr/bin/cc   -DCHECK_FUNCTION_EXISTS=pthread_create   -o CMakeFiles/cmTryCompileExec736988603.dir/CheckFunctionExists.c.o   -c /usr/share/cmake-2.8/Modules/CheckFunctionExists.c
Linking C executable cmTryCompileExec736988603
/usr/bin/cmake -E cmake_link_script CMakeFiles/cmTryCompileExec736988603.dir/link.txt --verbose=1
/usr/bin/cc   -DCHECK_FUNCTION_EXISTS=pthread_create    CMakeFiles/cmTryCompileExec736988603.dir/CheckFunctionExists.c.o  -o cmTryCompileExec736988603 -rdynamic -lpthreads 
/usr/bin/ld: cannot find -lpthreads
collect2: error: ld returned 1 exit status
make[1]: Leaving directory `/home/users/danbing/catkin_workspace/build/access_local_microphone/CMakeFiles/CMakeTmp'
make[1]: *** [cmTryCompileExec736988603] Error 1
make: *** [cmTryCompileExec736988603/fast] Error 2


