Determining if the pthread_create exist failed with the following output:
Change Dir: /home/users/danbing/catkin_workspace/build/acoustic_magic_msgs/CMakeFiles/CMakeTmp

Run Build Command:/usr/bin/make "cmTryCompileExec2897228701/fast"
/usr/bin/make -f CMakeFiles/cmTryCompileExec2897228701.dir/build.make CMakeFiles/cmTryCompileExec2897228701.dir/build
make[1]: Entering directory `/home/users/danbing/catkin_workspace/build/acoustic_magic_msgs/CMakeFiles/CMakeTmp'
/usr/bin/cmake -E cmake_progress_report /home/users/danbing/catkin_workspace/build/acoustic_magic_msgs/CMakeFiles/CMakeTmp/CMakeFiles 1
Building C object CMakeFiles/cmTryCompileExec2897228701.dir/CheckSymbolExists.c.o
/usr/bin/cc    -o CMakeFiles/cmTryCompileExec2897228701.dir/CheckSymbolExists.c.o   -c /home/users/danbing/catkin_workspace/build/acoustic_magic_msgs/CMakeFiles/CMakeTmp/CheckSymbolExists.c
Linking C executable cmTryCompileExec2897228701
/usr/bin/cmake -E cmake_link_script CMakeFiles/cmTryCompileExec2897228701.dir/link.txt --verbose=1
/usr/bin/cc       CMakeFiles/cmTryCompileExec2897228701.dir/CheckSymbolExists.c.o  -o cmTryCompileExec2897228701 -rdynamic 
CMakeFiles/cmTryCompileExec2897228701.dir/CheckSymbolExists.c.o: In function `main':
CheckSymbolExists.c:(.text+0x16): undefined reference to `pthread_create'
collect2: error: ld returned 1 exit status
make[1]: Leaving directory `/home/users/danbing/catkin_workspace/build/acoustic_magic_msgs/CMakeFiles/CMakeTmp'
make[1]: *** [cmTryCompileExec2897228701] Error 1
make: *** [cmTryCompileExec2897228701/fast] Error 2

File /home/users/danbing/catkin_workspace/build/acoustic_magic_msgs/CMakeFiles/CMakeTmp/CheckSymbolExists.c:
/* */
#include <pthread.h>

int main(int argc, char** argv)
{
  (void)argv;
#ifndef pthread_create
  return ((int*)(&pthread_create))[argc];
#else
  (void)argc;
  return 0;
#endif
}

Determining if the function pthread_create exists in the pthreads failed with the following output:
Change Dir: /home/users/danbing/catkin_workspace/build/acoustic_magic_msgs/CMakeFiles/CMakeTmp

Run Build Command:/usr/bin/make "cmTryCompileExec3786810286/fast"
/usr/bin/make -f CMakeFiles/cmTryCompileExec3786810286.dir/build.make CMakeFiles/cmTryCompileExec3786810286.dir/build
make[1]: Entering directory `/home/users/danbing/catkin_workspace/build/acoustic_magic_msgs/CMakeFiles/CMakeTmp'
/usr/bin/cmake -E cmake_progress_report /home/users/danbing/catkin_workspace/build/acoustic_magic_msgs/CMakeFiles/CMakeTmp/CMakeFiles 1
Building C object CMakeFiles/cmTryCompileExec3786810286.dir/CheckFunctionExists.c.o
/usr/bin/cc   -DCHECK_FUNCTION_EXISTS=pthread_create   -o CMakeFiles/cmTryCompileExec3786810286.dir/CheckFunctionExists.c.o   -c /usr/share/cmake-2.8/Modules/CheckFunctionExists.c
Linking C executable cmTryCompileExec3786810286
/usr/bin/cmake -E cmake_link_script CMakeFiles/cmTryCompileExec3786810286.dir/link.txt --verbose=1
/usr/bin/cc   -DCHECK_FUNCTION_EXISTS=pthread_create    CMakeFiles/cmTryCompileExec3786810286.dir/CheckFunctionExists.c.o  -o cmTryCompileExec3786810286 -rdynamic -lpthreads 
/usr/bin/ld: cannot find -lpthreads
collect2: error: ld returned 1 exit status
make[1]: Leaving directory `/home/users/danbing/catkin_workspace/build/acoustic_magic_msgs/CMakeFiles/CMakeTmp'
make[1]: *** [cmTryCompileExec3786810286] Error 1
make: *** [cmTryCompileExec3786810286/fast] Error 2


