Determining if the pthread_create exist failed with the following output:
Change Dir: /home/users/danbing/catkin_workspace/build/gcloud_speech_msgs/CMakeFiles/CMakeTmp

Run Build Command:/usr/bin/make "cmTryCompileExec2764748946/fast"
/usr/bin/make -f CMakeFiles/cmTryCompileExec2764748946.dir/build.make CMakeFiles/cmTryCompileExec2764748946.dir/build
make[1]: Entering directory `/home/users/danbing/catkin_workspace/build/gcloud_speech_msgs/CMakeFiles/CMakeTmp'
/usr/bin/cmake -E cmake_progress_report /home/users/danbing/catkin_workspace/build/gcloud_speech_msgs/CMakeFiles/CMakeTmp/CMakeFiles 1
Building C object CMakeFiles/cmTryCompileExec2764748946.dir/CheckSymbolExists.c.o
/usr/bin/cc    -o CMakeFiles/cmTryCompileExec2764748946.dir/CheckSymbolExists.c.o   -c /home/users/danbing/catkin_workspace/build/gcloud_speech_msgs/CMakeFiles/CMakeTmp/CheckSymbolExists.c
Linking C executable cmTryCompileExec2764748946
/usr/bin/cmake -E cmake_link_script CMakeFiles/cmTryCompileExec2764748946.dir/link.txt --verbose=1
/usr/bin/cc       CMakeFiles/cmTryCompileExec2764748946.dir/CheckSymbolExists.c.o  -o cmTryCompileExec2764748946 -rdynamic 
CMakeFiles/cmTryCompileExec2764748946.dir/CheckSymbolExists.c.o: In function `main':
CheckSymbolExists.c:(.text+0x16): undefined reference to `pthread_create'
collect2: error: ld returned 1 exit status
make[1]: Leaving directory `/home/users/danbing/catkin_workspace/build/gcloud_speech_msgs/CMakeFiles/CMakeTmp'
make[1]: *** [cmTryCompileExec2764748946] Error 1
make: *** [cmTryCompileExec2764748946/fast] Error 2

File /home/users/danbing/catkin_workspace/build/gcloud_speech_msgs/CMakeFiles/CMakeTmp/CheckSymbolExists.c:
/* */
#include <pthread.h>

int main(int argc, char** argv)
{
  (void)argv;
#ifndef pthread_create
  return ((int*)(&pthread_create))[argc];
#else
  (void)argc;
  return 0;
#endif
}

Determining if the function pthread_create exists in the pthreads failed with the following output:
Change Dir: /home/users/danbing/catkin_workspace/build/gcloud_speech_msgs/CMakeFiles/CMakeTmp

Run Build Command:/usr/bin/make "cmTryCompileExec1492930766/fast"
/usr/bin/make -f CMakeFiles/cmTryCompileExec1492930766.dir/build.make CMakeFiles/cmTryCompileExec1492930766.dir/build
make[1]: Entering directory `/home/users/danbing/catkin_workspace/build/gcloud_speech_msgs/CMakeFiles/CMakeTmp'
/usr/bin/cmake -E cmake_progress_report /home/users/danbing/catkin_workspace/build/gcloud_speech_msgs/CMakeFiles/CMakeTmp/CMakeFiles 1
Building C object CMakeFiles/cmTryCompileExec1492930766.dir/CheckFunctionExists.c.o
/usr/bin/cc   -DCHECK_FUNCTION_EXISTS=pthread_create   -o CMakeFiles/cmTryCompileExec1492930766.dir/CheckFunctionExists.c.o   -c /usr/share/cmake-2.8/Modules/CheckFunctionExists.c
Linking C executable cmTryCompileExec1492930766
/usr/bin/cmake -E cmake_link_script CMakeFiles/cmTryCompileExec1492930766.dir/link.txt --verbose=1
/usr/bin/cc   -DCHECK_FUNCTION_EXISTS=pthread_create    CMakeFiles/cmTryCompileExec1492930766.dir/CheckFunctionExists.c.o  -o cmTryCompileExec1492930766 -rdynamic -lpthreads 
/usr/bin/ld: cannot find -lpthreads
collect2: error: ld returned 1 exit status
make[1]: *** [cmTryCompileExec1492930766] Error 1
make[1]: Leaving directory `/home/users/danbing/catkin_workspace/build/gcloud_speech_msgs/CMakeFiles/CMakeTmp'
make: *** [cmTryCompileExec1492930766/fast] Error 2


