Determining if the pthread_create exist failed with the following output:
Change Dir: /home/users/danbing/catkin_workspace/build/move_arm/CMakeFiles/CMakeTmp

Run Build Command:/usr/bin/make "cmTryCompileExec790500690/fast"
/usr/bin/make -f CMakeFiles/cmTryCompileExec790500690.dir/build.make CMakeFiles/cmTryCompileExec790500690.dir/build
make[1]: Entering directory `/home/users/danbing/catkin_workspace/build/move_arm/CMakeFiles/CMakeTmp'
/usr/bin/cmake -E cmake_progress_report /home/users/danbing/catkin_workspace/build/move_arm/CMakeFiles/CMakeTmp/CMakeFiles 1
Building C object CMakeFiles/cmTryCompileExec790500690.dir/CheckSymbolExists.c.o
/usr/bin/cc    -o CMakeFiles/cmTryCompileExec790500690.dir/CheckSymbolExists.c.o   -c /home/users/danbing/catkin_workspace/build/move_arm/CMakeFiles/CMakeTmp/CheckSymbolExists.c
Linking C executable cmTryCompileExec790500690
/usr/bin/cmake -E cmake_link_script CMakeFiles/cmTryCompileExec790500690.dir/link.txt --verbose=1
/usr/bin/cc       CMakeFiles/cmTryCompileExec790500690.dir/CheckSymbolExists.c.o  -o cmTryCompileExec790500690 -rdynamic 
CMakeFiles/cmTryCompileExec790500690.dir/CheckSymbolExists.c.o: In function `main':
CheckSymbolExists.c:(.text+0x16): undefined reference to `pthread_create'
collect2: error: ld returned 1 exit status
make[1]: *** [cmTryCompileExec790500690] Error 1
make[1]: Leaving directory `/home/users/danbing/catkin_workspace/build/move_arm/CMakeFiles/CMakeTmp'
make: *** [cmTryCompileExec790500690/fast] Error 2

File /home/users/danbing/catkin_workspace/build/move_arm/CMakeFiles/CMakeTmp/CheckSymbolExists.c:
/* */
#include <pthread.h>

int main(int argc, char** argv)
{
  (void)argv;
#ifndef pthread_create
  return ((int*)(&pthread_create))[argc];
#else
  (void)argc;
  return 0;
#endif
}

Determining if the function pthread_create exists in the pthreads failed with the following output:
Change Dir: /home/users/danbing/catkin_workspace/build/move_arm/CMakeFiles/CMakeTmp

Run Build Command:/usr/bin/make "cmTryCompileExec2448464565/fast"
/usr/bin/make -f CMakeFiles/cmTryCompileExec2448464565.dir/build.make CMakeFiles/cmTryCompileExec2448464565.dir/build
make[1]: Entering directory `/home/users/danbing/catkin_workspace/build/move_arm/CMakeFiles/CMakeTmp'
/usr/bin/cmake -E cmake_progress_report /home/users/danbing/catkin_workspace/build/move_arm/CMakeFiles/CMakeTmp/CMakeFiles 1
Building C object CMakeFiles/cmTryCompileExec2448464565.dir/CheckFunctionExists.c.o
/usr/bin/cc   -DCHECK_FUNCTION_EXISTS=pthread_create   -o CMakeFiles/cmTryCompileExec2448464565.dir/CheckFunctionExists.c.o   -c /usr/share/cmake-2.8/Modules/CheckFunctionExists.c
Linking C executable cmTryCompileExec2448464565
/usr/bin/cmake -E cmake_link_script CMakeFiles/cmTryCompileExec2448464565.dir/link.txt --verbose=1
/usr/bin/cc   -DCHECK_FUNCTION_EXISTS=pthread_create    CMakeFiles/cmTryCompileExec2448464565.dir/CheckFunctionExists.c.o  -o cmTryCompileExec2448464565 -rdynamic -lpthreads 
/usr/bin/ld: cannot find -lpthreads
collect2: error: ld returned 1 exit status
make[1]: *** [cmTryCompileExec2448464565] Error 1
make[1]: Leaving directory `/home/users/danbing/catkin_workspace/build/move_arm/CMakeFiles/CMakeTmp'
make: *** [cmTryCompileExec2448464565/fast] Error 2


