Determining if the pthread_create exist failed with the following output:
Change Dir: /home/users/danbing/catkin_workspace/build/grip_source/CMakeFiles/CMakeTmp

Run Build Command:/usr/bin/make "cmTryCompileExec2034393575/fast"
/usr/bin/make -f CMakeFiles/cmTryCompileExec2034393575.dir/build.make CMakeFiles/cmTryCompileExec2034393575.dir/build
make[1]: Entering directory `/home/users/danbing/catkin_workspace/build/grip_source/CMakeFiles/CMakeTmp'
/usr/bin/cmake -E cmake_progress_report /home/users/danbing/catkin_workspace/build/grip_source/CMakeFiles/CMakeTmp/CMakeFiles 1
Building C object CMakeFiles/cmTryCompileExec2034393575.dir/CheckSymbolExists.c.o
/usr/bin/cc    -o CMakeFiles/cmTryCompileExec2034393575.dir/CheckSymbolExists.c.o   -c /home/users/danbing/catkin_workspace/build/grip_source/CMakeFiles/CMakeTmp/CheckSymbolExists.c
Linking C executable cmTryCompileExec2034393575
/usr/bin/cmake -E cmake_link_script CMakeFiles/cmTryCompileExec2034393575.dir/link.txt --verbose=1
/usr/bin/cc       CMakeFiles/cmTryCompileExec2034393575.dir/CheckSymbolExists.c.o  -o cmTryCompileExec2034393575 -rdynamic 
CMakeFiles/cmTryCompileExec2034393575.dir/CheckSymbolExists.c.o: In function `main':
CheckSymbolExists.c:(.text+0x16): undefined reference to `pthread_create'
collect2: error: ld returned 1 exit status
make[1]: Leaving directory `/home/users/danbing/catkin_workspace/build/grip_source/CMakeFiles/CMakeTmp'
make[1]: *** [cmTryCompileExec2034393575] Error 1
make: *** [cmTryCompileExec2034393575/fast] Error 2

File /home/users/danbing/catkin_workspace/build/grip_source/CMakeFiles/CMakeTmp/CheckSymbolExists.c:
/* */
#include <pthread.h>

int main(int argc, char** argv)
{
  (void)argv;
#ifndef pthread_create
  return ((int*)(&pthread_create))[argc];
#else
  (void)argc;
  return 0;
#endif
}

Determining if the function pthread_create exists in the pthreads failed with the following output:
Change Dir: /home/users/danbing/catkin_workspace/build/grip_source/CMakeFiles/CMakeTmp

Run Build Command:/usr/bin/make "cmTryCompileExec1346261150/fast"
/usr/bin/make -f CMakeFiles/cmTryCompileExec1346261150.dir/build.make CMakeFiles/cmTryCompileExec1346261150.dir/build
make[1]: Entering directory `/home/users/danbing/catkin_workspace/build/grip_source/CMakeFiles/CMakeTmp'
/usr/bin/cmake -E cmake_progress_report /home/users/danbing/catkin_workspace/build/grip_source/CMakeFiles/CMakeTmp/CMakeFiles 1
Building C object CMakeFiles/cmTryCompileExec1346261150.dir/CheckFunctionExists.c.o
/usr/bin/cc   -DCHECK_FUNCTION_EXISTS=pthread_create   -o CMakeFiles/cmTryCompileExec1346261150.dir/CheckFunctionExists.c.o   -c /usr/share/cmake-2.8/Modules/CheckFunctionExists.c
Linking C executable cmTryCompileExec1346261150
/usr/bin/cmake -E cmake_link_script CMakeFiles/cmTryCompileExec1346261150.dir/link.txt --verbose=1
/usr/bin/cc   -DCHECK_FUNCTION_EXISTS=pthread_create    CMakeFiles/cmTryCompileExec1346261150.dir/CheckFunctionExists.c.o  -o cmTryCompileExec1346261150 -rdynamic -lpthreads 
/usr/bin/ld: cannot find -lpthreads
collect2: error: ld returned 1 exit status
make[1]: *** [cmTryCompileExec1346261150] Error 1
make[1]: Leaving directory `/home/users/danbing/catkin_workspace/build/grip_source/CMakeFiles/CMakeTmp'
make: *** [cmTryCompileExec1346261150/fast] Error 2


